<?xml version="1.0" encoding="UTF-8"?>
<!-- Generated by org.testng.reporters.JUnitReportReporter -->
<testsuite skipped="0" hostname="KALYAN" name="com.Utility.VerifyTitle1" tests="1" failures="0" timestamp="03 May 2020 16:29:20 GMT" time="29.067" errors="0">
  <testcase name="verifyTitlePage" time="29.067" classname="com.Utility.VerifyTitle1"/>
</testsuite> <!-- com.Utility.VerifyTitle1 -->
