<?xml version="1.0" encoding="UTF-8"?>
<!-- Generated by org.testng.reporters.JUnitReportReporter -->
<testsuite skipped="0" hostname="KALYAN" name="com.BB.RunTest" tests="1" failures="0" timestamp="21 May 2020 17:00:36 GMT" time="22.549" errors="0">
  <testcase name="verifyJFPP" time="22.549" classname="com.BB.RunTest"/>
</testsuite> <!-- com.BB.RunTest -->
