<?xml version="1.0" encoding="UTF-8"?>
<!-- Generated by org.testng.reporters.JUnitReportReporter -->
<testsuite name="com.FailedTestCases.TestCase3" tests="1" time="0.036" ignored="0" failures="0" timestamp="25 Apr 2020 18:19:01 GMT" skipped="0" hostname="KALYAN" errors="0">
  <testcase name="testWordPress" time="0.036" classname="com.FailedTestCases.TestCase3"/>
</testsuite> <!-- com.FailedTestCases.TestCase3 -->
