<?xml version="1.0" encoding="UTF-8"?>
<!-- Generated by org.testng.reporters.JUnitReportReporter -->
<testsuite name="com.FailedTestCases.TestCase1" tests="1" time="0.008" ignored="0" failures="0" timestamp="25 Apr 2020 18:10:12 GMT" skipped="0" hostname="KALYAN" errors="0">
  <testcase name="testFB" time="0.008" classname="com.FailedTestCases.TestCase1"/>
</testsuite> <!-- com.FailedTestCases.TestCase1 -->
