<?xml version="1.0" encoding="UTF-8"?>
<!-- Generated by org.testng.reporters.JUnitReportReporter -->
<testsuite name="com.ExtentReport.Selenium.ExtentReportDemo" tests="1" time="1.636" ignored="0" failures="0" timestamp="14 Apr 2020 16:47:34 GMT" skipped="0" hostname="KALYAN" errors="0">
  <testcase name="loginTest" time="1.636" classname="com.ExtentReport.Selenium.ExtentReportDemo"/>
</testsuite> <!-- com.ExtentReport.Selenium.ExtentReportDemo -->
