<?xml version="1.0" encoding="UTF-8"?>
<!-- Generated by org.testng.reporters.JUnitReportReporter -->
<testsuite skipped="0" hostname="KALYAN" name="com.BB.StaticWebpage" tests="1" failures="0" timestamp="18 May 2020 18:40:44 GMT" time="59.305" errors="0">
  <testcase name="verifyStaticPage" time="59.305" classname="com.BB.StaticWebpage"/>
</testsuite> <!-- com.BB.StaticWebpage -->
