<?xml version="1.0" encoding="UTF-8"?>
<!-- Generated by org.testng.reporters.JUnitReportReporter -->
<testsuite skipped="0" hostname="KALYAN" name="com.BB.TestNG001" tests="1" failures="0" timestamp="21 May 2020 13:59:32 GMT" time="0.123" errors="0">
  <testcase name="verifyTestNG" time="0.123" classname="com.BB.TestNG001"/>
</testsuite> <!-- com.BB.TestNG001 -->
