<?xml version="1.0" encoding="UTF-8"?>
<!-- Generated by org.testng.reporters.JUnitReportReporter -->
<testsuite skipped="0" hostname="KALYAN" name="com.BB.StaticWebpage1" tests="1" failures="0" timestamp="18 May 2020 15:19:21 GMT" time="59.740" errors="0">
  <testcase name="verifyStaticPage" time="59.740" classname="com.BB.StaticWebpage1"/>
</testsuite> <!-- com.BB.StaticWebpage1 -->
