<?xml version="1.0" encoding="UTF-8"?>
<!-- Generated by org.testng.reporters.JUnitReportReporter -->
<testsuite skipped="2" hostname="KALYAN" name="com.Utility.ExcelData" tests="3" failures="0" timestamp="03 May 2020 13:45:21 GMT" time="134.418" errors="0">
  <testcase name="runtogetonerow" time="134.418" classname="com.Utility.ExcelData"/>
  <testcase name="runtogetonerowcustomcolumn" classname="com.Utility.ExcelData">
    <skipped/>
  </testcase> <!-- runtogetonerowcustomcolumn -->
  <testcase name="runtogetmanyrowsandmanycolumns" classname="com.Utility.ExcelData">
    <skipped/>
  </testcase> <!-- runtogetmanyrowsandmanycolumns -->
</testsuite> <!-- com.Utility.ExcelData -->
