<?xml version="1.0" encoding="UTF-8"?>
<!-- Generated by org.testng.reporters.JUnitReportReporter -->
<testsuite skipped="0" hostname="KALYAN" name="com.Configuration.TestSeleniumBlog" tests="1" failures="0" timestamp="09 May 2020 15:11:55 GMT" time="0.136" errors="0">
  <testcase name="testConfig" time="0.136" classname="com.Configuration.TestSeleniumBlog"/>
</testsuite> <!-- com.Configuration.TestSeleniumBlog -->
