<?xml version="1.0" encoding="UTF-8"?>
<!-- Generated by org.testng.reporters.JUnitReportReporter -->
<testsuite skipped="0" hostname="KALYAN" name="com.Configuration.TestSeleniumChrome" tests="1" failures="0" timestamp="09 May 2020 15:11:56 GMT" time="36.177" errors="0">
  <testcase name="testChrome" time="36.177" classname="com.Configuration.TestSeleniumChrome"/>
</testsuite> <!-- com.Configuration.TestSeleniumChrome -->
