<?xml version="1.0" encoding="UTF-8"?>
<!-- Generated by org.testng.reporters.JUnitReportReporter -->
<testsuite name="com.Configuration.TestSeleniumChrome" tests="1" time="16.244" ignored="0" failures="0" timestamp="09 May 2020 15:13:15 GMT" skipped="0" hostname="KALYAN" errors="0">
  <testcase name="testChrome" time="16.244" classname="com.Configuration.TestSeleniumChrome"/>
</testsuite> <!-- com.Configuration.TestSeleniumChrome -->
