<?xml version="1.0" encoding="UTF-8"?>
<!-- Generated by org.testng.reporters.JUnitReportReporter -->
<testsuite name="com.Configuration.TestSeleniumBlog" tests="1" time="0.019" ignored="0" failures="0" timestamp="09 May 2020 15:13:15 GMT" skipped="0" hostname="KALYAN" errors="0">
  <testcase name="testConfig" time="0.019" classname="com.Configuration.TestSeleniumBlog"/>
</testsuite> <!-- com.Configuration.TestSeleniumBlog -->
